Build started 10/31/2015 1:38:56 PM.
     1>Project "C:\Users\Nate\git\pgvd\VisualStudioBuild\pgvd2.vcxproj" on node 2 (Build target(s)).
     1>ClCompile:
         C:\Program Files (x86)\Microsoft Visual Studio 12.0\VC\bin\CL.exe /c /I"..\dependencies\glfw-3.1.2.bin.WIN32\include" /I"..\dependencies\glew-1.13.0\include" /Zi /nologo /W3 /WX- /Od /Ob0 /Oy- /D WIN32 /D _WINDOWS /D _DEBUG /D OCT2D /D ANSI_DECLARATORS /D TRILIBRARY /D "CMAKE_INTDIR=\"Debug\"" /D _MBCS /U__STRICT_ANSI__ /Gm- /EHsc /RTC1 /MDd /GS /fp:precise /Zc:wchar_t /Zc:forScope /GR /Fo"pgvd2.dir\Debug\\" /Fd"pgvd2.dir\Debug\vc120.pdb" /Gd /TP /analyze- /errorReport:prompt C:\Users\Nate\git\pgvd\viewer\gl_utils.cpp C:\Users\Nate\git\pgvd\viewer\Octree2.cpp C:\Users\Nate\git\pgvd\Karras.cpp C:\Users\Nate\git\pgvd\OctreeUtils.cpp C:\Users\Nate\git\pgvd\opencl\Geom.cpp C:\Users\Nate\git\pgvd\bigint\BigInteger.cc C:\Users\Nate\git\pgvd\bigint\BigUnsigned.cc C:\Users\Nate\git\pgvd\bigint\BigIntegerAlgorithms.cc C:\Users\Nate\git\pgvd\bigint\BigIntegerUtils.cc C:\Users\Nate\git\pgvd\bigint\BigUnsignedInABase.cc C:\Users\Nate\git\pgvd\Options.cpp C:\Users\Nate\git\pgvd\viewer\main_pgvd2.cpp
         gl_utils.cpp
     1>C:\Users\Nate\git\pgvd\viewer\gl_utils.cpp(27): warning C4996: 'fopen': This function or variable may be unsafe. Consider using fopen_s instead. To disable deprecation, use _CRT_SECURE_NO_WARNINGS. See online help for details.
                 C:\Program Files (x86)\Microsoft Visual Studio 12.0\VC\include\stdio.h(211) : see declaration of 'fopen'
     1>C:\Users\Nate\git\pgvd\viewer\gl_utils.cpp(37): warning C4996: 'ctime': This function or variable may be unsafe. Consider using ctime_s instead. To disable deprecation, use _CRT_SECURE_NO_WARNINGS. See online help for details.
                 C:\Program Files (x86)\Microsoft Visual Studio 12.0\VC\include\time.inl(86) : see declaration of 'ctime'
     1>C:\Users\Nate\git\pgvd\viewer\gl_utils.cpp(45): warning C4996: 'fopen': This function or variable may be unsafe. Consider using fopen_s instead. To disable deprecation, use _CRT_SECURE_NO_WARNINGS. See online help for details.
                 C:\Program Files (x86)\Microsoft Visual Studio 12.0\VC\include\stdio.h(211) : see declaration of 'fopen'
     1>C:\Users\Nate\git\pgvd\viewer\gl_utils.cpp(64): warning C4996: 'fopen': This function or variable may be unsafe. Consider using fopen_s instead. To disable deprecation, use _CRT_SECURE_NO_WARNINGS. See online help for details.
                 C:\Program Files (x86)\Microsoft Visual Studio 12.0\VC\include\stdio.h(211) : see declaration of 'fopen'
     1>C:\Users\Nate\git\pgvd\viewer\gl_utils.cpp(162): warning C4996: 'sprintf': This function or variable may be unsafe. Consider using sprintf_s instead. To disable deprecation, use _CRT_SECURE_NO_WARNINGS. See online help for details.
                 C:\Program Files (x86)\Microsoft Visual Studio 12.0\VC\include\stdio.h(356) : see declaration of 'sprintf'
     1>C:\Users\Nate\git\pgvd\viewer\gl_utils.cpp(174): warning C4996: 'fopen': This function or variable may be unsafe. Consider using fopen_s instead. To disable deprecation, use _CRT_SECURE_NO_WARNINGS. See online help for details.
                 C:\Program Files (x86)\Microsoft Visual Studio 12.0\VC\include\stdio.h(211) : see declaration of 'fopen'
     1>C:\Users\Nate\git\pgvd\viewer\gl_utils.cpp(181): warning C4996: 'strcpy': This function or variable may be unsafe. Consider using strcpy_s instead. To disable deprecation, use _CRT_SECURE_NO_WARNINGS. See online help for details.
                 C:\Program Files (x86)\Microsoft Visual Studio 12.0\VC\include\string.h(112) : see declaration of 'strcpy'
     1>C:\Users\Nate\git\pgvd\viewer\gl_utils.cpp(191): warning C4996: 'strcat': This function or variable may be unsafe. Consider using strcat_s instead. To disable deprecation, use _CRT_SECURE_NO_WARNINGS. See online help for details.
                 C:\Program Files (x86)\Microsoft Visual Studio 12.0\VC\include\string.h(118) : see declaration of 'strcat'
         Octree2.cpp
     1>c:\users\nate\git\pgvd\opencl\./vec_cpp.h(185): warning C4800: 'const unsigned char' : forcing value to bool 'true' or 'false' (performance warning)
     1>c:\users\nate\git\pgvd\opencl\./vec_cpp.h(189): warning C4800: 'const unsigned char' : forcing value to bool 'true' or 'false' (performance warning)
     1>c:\users\nate\git\pgvd\opencl\./vec_cpp.h(563): warning C4244: '=' : conversion from 'const int' to 'float', possible loss of data
     1>c:\users\nate\git\pgvd\opencl\./vec_cpp.h(577): warning C4244: '=' : conversion from 'const int' to 'float', possible loss of data
     1>c:\users\nate\git\pgvd\viewer\./Color.h(19): warning C4305: 'initializing' : truncation from 'double' to 'const float'
     1>c:\users\nate\git\pgvd\viewer\./Polylines.h(78): warning C4018: '<' : signed/unsigned mismatch
     1>c:\users\nate\git\pgvd\viewer\./Polylines.h(112): warning C4018: '<' : signed/unsigned mismatch
     1>c:\users\nate\git\pgvd\./OctNode.h(21): warning C4800: 'const int' : forcing value to bool 'true' or 'false' (performance warning)
     1>C:\Users\Nate\git\pgvd\viewer\Octree2.cpp(104): warning C4018: '<' : signed/unsigned mismatch
     1>C:\Users\Nate\git\pgvd\viewer\Octree2.cpp(107): warning C4018: '<' : signed/unsigned mismatch
     1>C:\Users\Nate\git\pgvd\viewer\Octree2.cpp(115): warning C4018: '<' : signed/unsigned mismatch
     1>C:\Users\Nate\git\pgvd\viewer\Octree2.cpp(117): warning C4018: '<' : signed/unsigned mismatch
     1>C:\Users\Nate\git\pgvd\viewer\Octree2.cpp(145): warning C4018: '<' : signed/unsigned mismatch
     1>C:\Users\Nate\git\pgvd\viewer\Octree2.cpp(172): warning C4244: '=' : conversion from 'double' to 'float', possible loss of data
     1>C:\Users\Nate\git\pgvd\viewer\Octree2.cpp(184): warning C4244: 'argument' : conversion from 'const int' to 'float', possible loss of data
     1>C:\Users\Nate\git\pgvd\viewer\Octree2.cpp(187): warning C4244: 'argument' : conversion from 'const int' to 'const float', possible loss of data
     1>C:\Users\Nate\git\pgvd\viewer\Octree2.cpp(193): warning C4244: 'initializing' : conversion from 'const int' to 'const GLfloat', possible loss of data
     1>C:\Users\Nate\git\pgvd\viewer\Octree2.cpp(363): warning C4305: 'argument' : truncation from 'double' to 'const float'
     1>C:\Users\Nate\git\pgvd\viewer\Octree2.cpp(363): warning C4244: 'argument' : conversion from 'int' to 'const float', possible loss of data
     1>C:\Users\Nate\git\pgvd\viewer\Octree2.cpp(364): warning C4305: 'argument' : truncation from 'double' to 'const float'
     1>C:\Users\Nate\git\pgvd\viewer\Octree2.cpp(364): warning C4244: 'argument' : conversion from 'int' to 'const float', possible loss of data
     1>C:\Users\Nate\git\pgvd\viewer\Octree2.cpp(365): warning C4305: 'argument' : truncation from 'double' to 'const float'
     1>C:\Users\Nate\git\pgvd\viewer\Octree2.cpp(365): warning C4244: 'argument' : conversion from 'int' to 'const float', possible loss of data
     1>C:\Users\Nate\git\pgvd\viewer\Octree2.cpp(366): warning C4305: 'argument' : truncation from 'double' to 'const float'
     1>C:\Users\Nate\git\pgvd\viewer\Octree2.cpp(366): warning C4244: 'argument' : conversion from 'int' to 'const float', possible loss of data
     1>C:\Users\Nate\git\pgvd\viewer\Octree2.cpp(398): warning C4018: '<' : signed/unsigned mismatch
     1>C:\Users\Nate\git\pgvd\viewer\Octree2.cpp(401): warning C4018: '<' : signed/unsigned mismatch
     1>C:\Users\Nate\git\pgvd\viewer\Octree2.cpp(419): warning C4018: '<' : signed/unsigned mismatch
     1>C:\Program Files (x86)\Microsoft Visual Studio 12.0\VC\include\xutility(2132): warning C4996: 'std::_Copy_impl': Function call with parameters that may be unsafe - this call relies on the caller to check that the passed values are correct. To disable this warning, use -D_SCL_SECURE_NO_WARNINGS. See documentation on how to use Visual C++ 'Checked Iterators'
                 C:\Program Files (x86)\Microsoft Visual Studio 12.0\VC\include\xutility(2113) : see declaration of 'std::_Copy_impl'
                 C:\Users\Nate\git\pgvd\viewer\Octree2.cpp(517) : see reference to function template instantiation '_OutIt std::copy<std::_Vector_iterator<std::_Vector_val<std::_Simple_types<glm::tvec3<float,0>>>>,glm::vec3*>(_InIt,_InIt,_OutIt)' being compiled
                 with
                 [
                     _OutIt=glm::vec3 *
         ,            _InIt=std::_Vector_iterator<std::_Vector_val<std::_Simple_types<glm::tvec3<float,0>>>>
                 ]
         Karras.cpp
     1>c:\users\nate\git\pgvd\opencl\./vec_cpp.h(185): warning C4800: 'const unsigned char' : forcing value to bool 'true' or 'false' (performance warning)
     1>c:\users\nate\git\pgvd\opencl\./vec_cpp.h(189): warning C4800: 'const unsigned char' : forcing value to bool 'true' or 'false' (performance warning)
     1>c:\users\nate\git\pgvd\opencl\./vec_cpp.h(563): warning C4244: '=' : conversion from 'const int' to 'float', possible loss of data
     1>c:\users\nate\git\pgvd\opencl\./vec_cpp.h(577): warning C4244: '=' : conversion from 'const int' to 'float', possible loss of data
     1>c:\users\nate\git\pgvd\./OctNode.h(21): warning C4800: 'const int' : forcing value to bool 'true' or 'false' (performance warning)
     1>C:\Users\Nate\git\pgvd\Karras.cpp(88): warning C4018: '>=' : signed/unsigned mismatch
     1>C:\Users\Nate\git\pgvd\Karras.cpp(89): warning C4018: '>=' : signed/unsigned mismatch
     1>C:\Users\Nate\git\pgvd\Karras.cpp(148): warning C4018: '<' : signed/unsigned mismatch
     1>C:\Users\Nate\git\pgvd\Karras.cpp(177): warning C4018: '<' : signed/unsigned mismatch
     1>C:\Users\Nate\git\pgvd\Karras.cpp(304): warning C4018: '<' : signed/unsigned mismatch
     1>C:\Users\Nate\git\pgvd\Karras.cpp(309): warning C4018: '<' : signed/unsigned mismatch
     1>C:\Users\Nate\git\pgvd\Karras.cpp(341): warning C4018: '>=' : signed/unsigned mismatch
     1>C:\Users\Nate\git\pgvd\Karras.cpp(344): warning C4018: '>=' : signed/unsigned mismatch
     1>C:\Users\Nate\git\pgvd\Karras.cpp(358): warning C4018: '<' : signed/unsigned mismatch
         OctreeUtils.cpp
     1>c:\users\nate\git\pgvd\opencl\./vec_cpp.h(185): warning C4800: 'const unsigned char' : forcing value to bool 'true' or 'false' (performance warning)
     1>c:\users\nate\git\pgvd\opencl\./vec_cpp.h(189): warning C4800: 'const unsigned char' : forcing value to bool 'true' or 'false' (performance warning)
     1>c:\users\nate\git\pgvd\opencl\./vec_cpp.h(563): warning C4244: '=' : conversion from 'const int' to 'float', possible loss of data
     1>c:\users\nate\git\pgvd\opencl\./vec_cpp.h(577): warning C4244: '=' : conversion from 'const int' to 'float', possible loss of data
     1>c:\users\nate\git\pgvd\./OctNode.h(21): warning C4800: 'const int' : forcing value to bool 'true' or 'false' (performance warning)
     1>C:\Users\Nate\git\pgvd\OctreeUtils.cpp(86): warning C4244: 'argument' : conversion from 'const int' to 'float', possible loss of data
     1>C:\Users\Nate\git\pgvd\OctreeUtils.cpp(95): warning C4244: 'argument' : conversion from 'const int' to 'float', possible loss of data
     1>C:\Users\Nate\git\pgvd\OctreeUtils.cpp(102): warning C4244: 'argument' : conversion from 'const int' to 'float', possible loss of data
     1>C:\Users\Nate\git\pgvd\OctreeUtils.cpp(109): warning C4244: 'argument' : conversion from 'const int' to 'float', possible loss of data
     1>C:\Users\Nate\git\pgvd\OctreeUtils.cpp(116): warning C4244: 'argument' : conversion from 'const int' to 'float', possible loss of data
     1>C:\Users\Nate\git\pgvd\OctreeUtils.cpp(122): warning C4018: '<' : signed/unsigned mismatch
     1>C:\Users\Nate\git\pgvd\OctreeUtils.cpp(128): warning C4305: 'argument' : truncation from 'double' to 'const float'
     1>C:\Users\Nate\git\pgvd\OctreeUtils.cpp(146): warning C4018: '<' : signed/unsigned mismatch
     1>C:\Users\Nate\git\pgvd\OctreeUtils.cpp(147): warning C4018: '<' : signed/unsigned mismatch
         Geom.cpp
     1>c:\users\nate\git\pgvd\opencl\./vec_cpp.h(185): warning C4800: 'const unsigned char' : forcing value to bool 'true' or 'false' (performance warning)
     1>c:\users\nate\git\pgvd\opencl\./vec_cpp.h(189): warning C4800: 'const unsigned char' : forcing value to bool 'true' or 'false' (performance warning)
     1>c:\users\nate\git\pgvd\opencl\./vec_cpp.h(563): warning C4244: '=' : conversion from 'const int' to 'float', possible loss of data
     1>c:\users\nate\git\pgvd\opencl\./vec_cpp.h(577): warning C4244: '=' : conversion from 'const int' to 'float', possible loss of data
     1>C:\Users\Nate\git\pgvd\opencl\Geom.cpp(18): warning C4305: 'initializing' : truncation from 'double' to 'const float'
     1>C:\Users\Nate\git\pgvd\opencl\Geom.cpp(207): warning C4244: 'argument' : conversion from 'const double' to 'float', possible loss of data
         BigInteger.cc
         BigUnsigned.cc
         BigIntegerAlgorithms.cc
         BigIntegerUtils.cc
         BigUnsignedInABase.cc
         Options.cpp
     1>C:\Users\Nate\git\pgvd\Options.cpp(87): warning C4244: '=' : conversion from 'double' to 'float', possible loss of data
         main_pgvd2.cpp
     1>c:\users\nate\git\pgvd\opencl\./vec_cpp.h(185): warning C4800: 'const unsigned char' : forcing value to bool 'true' or 'false' (performance warning)
     1>c:\users\nate\git\pgvd\opencl\./vec_cpp.h(189): warning C4800: 'const unsigned char' : forcing value to bool 'true' or 'false' (performance warning)
     1>c:\users\nate\git\pgvd\opencl\./vec_cpp.h(563): warning C4244: '=' : conversion from 'const int' to 'float', possible loss of data
     1>c:\users\nate\git\pgvd\opencl\./vec_cpp.h(577): warning C4244: '=' : conversion from 'const int' to 'float', possible loss of data
     1>c:\users\nate\git\pgvd\viewer\./Color.h(19): warning C4305: 'initializing' : truncation from 'double' to 'const float'
     1>c:\users\nate\git\pgvd\viewer\./Polylines.h(78): warning C4018: '<' : signed/unsigned mismatch
     1>c:\users\nate\git\pgvd\viewer\./Polylines.h(112): warning C4018: '<' : signed/unsigned mismatch
     1>c:\users\nate\git\pgvd\./OctNode.h(21): warning C4800: 'const int' : forcing value to bool 'true' or 'false' (performance warning)
     1>C:\Users\Nate\git\pgvd\viewer\main_pgvd2.cpp(105): warning C4244: 'initializing' : conversion from 'double' to 'const float', possible loss of data
     1>C:\Users\Nate\git\pgvd\viewer\main_pgvd2.cpp(106): warning C4244: 'initializing' : conversion from 'double' to 'const float', possible loss of data
     1>C:\Users\Nate\git\pgvd\viewer\main_pgvd2.cpp(171): warning C4244: '=' : conversion from 'double' to 'float', possible loss of data
     1>C:\Users\Nate\git\pgvd\viewer\main_pgvd2.cpp(172): warning C4244: '=' : conversion from 'double' to 'float', possible loss of data
     1>C:\Users\Nate\git\pgvd\viewer\main_pgvd2.cpp(173): warning C4244: '=' : conversion from 'double' to 'float', possible loss of data
     1>C:\Users\Nate\git\pgvd\viewer\main_pgvd2.cpp(299): warning C4244: '=' : conversion from 'double' to 'float', possible loss of data
     1>C:\Users\Nate\git\pgvd\viewer\main_pgvd2.cpp(169): warning C4101: 'vels' : unreferenced local variable
         Generating Code...
       Link:
         C:\Program Files (x86)\Microsoft Visual Studio 12.0\VC\bin\link.exe /ERRORREPORT:PROMPT /OUT:"C:\Users\Nate\git\pgvd\VisualStudioBuild\Debug\pgvd2.exe" /INCREMENTAL /NOLOGO /LIBPATH:"..\dependencies\glfw-3.1.2.bin.WIN32\lib-vc2013" /LIBPATH:"..\dependencies\glew-1.13.0\lib\Release\Win32" opengl32.lib glfw3.lib glew32.lib kernel32.lib user32.lib gdi32.lib winspool.lib shell32.lib ole32.lib oleaut32.lib uuid.lib comdlg32.lib advapi32.lib /MANIFEST /MANIFESTUAC:"level='asInvoker' uiAccess='false'" /manifest:embed /DEBUG /PDB:"C:/Users/Nate/git/pgvd/VisualStudioBuild/Debug/pgvd2.pdb" /SUBSYSTEM:CONSOLE /TLBID:1 /DYNAMICBASE /NXCOMPAT /IMPLIB:"C:/Users/Nate/git/pgvd/VisualStudioBuild/Debug/pgvd2.lib" /MACHINE:X86 /SAFESEH  /machine:X86 /debug pgvd2.dir\Debug\gl_utils.obj
         pgvd2.dir\Debug\Octree2.obj
         pgvd2.dir\Debug\Karras.obj
         pgvd2.dir\Debug\OctreeUtils.obj
         pgvd2.dir\Debug\Geom.obj
         pgvd2.dir\Debug\BigInteger.obj
         pgvd2.dir\Debug\BigUnsigned.obj
         pgvd2.dir\Debug\BigIntegerAlgorithms.obj
         pgvd2.dir\Debug\BigIntegerUtils.obj
         pgvd2.dir\Debug\BigUnsignedInABase.obj
         pgvd2.dir\Debug\Options.obj
         pgvd2.dir\Debug\main_pgvd2.obj
     1>LINK : warning LNK4098: defaultlib 'MSVCRT' conflicts with use of other libs; use /NODEFAULTLIB:library
         pgvd2.vcxproj -> C:\Users\Nate\git\pgvd\VisualStudioBuild\Debug\pgvd2.exe
     1>Done Building Project "C:\Users\Nate\git\pgvd\VisualStudioBuild\pgvd2.vcxproj" (Build target(s)).

Build succeeded.

Time Elapsed 00:00:04.40
