c:\users\nate\git\pgvd\visualstudiobuild\pgvd2.dir\debug\vc120.pdb
c:\users\nate\git\pgvd\visualstudiobuild\pgvd2.dir\debug\bigunsignedinabase.obj
c:\users\nate\git\pgvd\visualstudiobuild\pgvd2.dir\debug\bigintegerutils.obj
c:\users\nate\git\pgvd\visualstudiobuild\pgvd2.dir\debug\bigintegeralgorithms.obj
c:\users\nate\git\pgvd\visualstudiobuild\pgvd2.dir\debug\bigunsigned.obj
c:\users\nate\git\pgvd\visualstudiobuild\pgvd2.dir\debug\biginteger.obj
c:\users\nate\git\pgvd\visualstudiobuild\pgvd2.dir\debug\geom.obj
c:\users\nate\git\pgvd\visualstudiobuild\pgvd2.dir\debug\octreeutils.obj
c:\users\nate\git\pgvd\visualstudiobuild\pgvd2.dir\debug\karras.obj
c:\users\nate\git\pgvd\visualstudiobuild\pgvd2.dir\debug\gl_utils.obj
c:\users\nate\git\pgvd\visualstudiobuild\pgvd2.dir\debug\main_pgvd2.obj
c:\users\nate\git\pgvd\visualstudiobuild\pgvd2.dir\debug\octree2.obj
c:\users\nate\git\pgvd\visualstudiobuild\pgvd2.dir\debug\options.obj
c:\users\nate\git\pgvd\visualstudiobuild\cmakefiles\generate.stamp
c:\users\nate\git\pgvd\visualstudiobuild\debug\pgvd2.ilk
c:\users\nate\git\pgvd\visualstudiobuild\debug\pgvd2.exe
c:\users\nate\git\pgvd\visualstudiobuild\debug\pgvd2.pdb
c:\users\nate\git\pgvd\visualstudiobuild\pgvd2.dir\debug\pgvd2.tlog\cl.command.1.tlog
c:\users\nate\git\pgvd\visualstudiobuild\pgvd2.dir\debug\pgvd2.tlog\cl.read.1.tlog
c:\users\nate\git\pgvd\visualstudiobuild\pgvd2.dir\debug\pgvd2.tlog\cl.write.1.tlog
c:\users\nate\git\pgvd\visualstudiobuild\pgvd2.dir\debug\pgvd2.tlog\custombuild.command.1.tlog
c:\users\nate\git\pgvd\visualstudiobuild\pgvd2.dir\debug\pgvd2.tlog\custombuild.read.1.tlog
c:\users\nate\git\pgvd\visualstudiobuild\pgvd2.dir\debug\pgvd2.tlog\custombuild.write.1.tlog
c:\users\nate\git\pgvd\visualstudiobuild\pgvd2.dir\debug\pgvd2.tlog\link.command.1.tlog
c:\users\nate\git\pgvd\visualstudiobuild\pgvd2.dir\debug\pgvd2.tlog\link.read.1.tlog
c:\users\nate\git\pgvd\visualstudiobuild\pgvd2.dir\debug\pgvd2.tlog\link.write.1.tlog
