  Checking Build System
  CMake does not need to re-run because C:/git/pgvd/build/CMakeFiles/generate.stamp is up-to-date.
  CMake does not need to re-run because C:/git/pgvd/build/dependencies/CLFW/CMakeFiles/generate.stamp is up-to-date.
  CMake does not need to re-run because C:/git/pgvd/build/dependencies/CLFW/src/CMakeFiles/generate.stamp is up-to-date.
  CMake does not need to re-run because C:/git/pgvd/build/dependencies/CLFW/include/CMakeFiles/generate.stamp is up-to-date.
  CMake does not need to re-run because C:/git/pgvd/build/Sources/CMakeFiles/generate.stamp is up-to-date.
  CMake does not need to re-run because C:/git/pgvd/build/Sources/BigUnsigned/CMakeFiles/generate.stamp is up-to-date.
  CMake does not need to re-run because C:/git/pgvd/build/Sources/BinaryRadixTree/CMakeFiles/generate.stamp is up-to-date.
  CMake does not need to re-run because C:/git/pgvd/build/Sources/Boolean/CMakeFiles/generate.stamp is up-to-date.
  CMake does not need to re-run because C:/git/pgvd/build/Sources/BoundingBox/CMakeFiles/generate.stamp is up-to-date.
  CMake does not need to re-run because C:/git/pgvd/build/Sources/Catch/CMakeFiles/generate.stamp is up-to-date.
  CMake does not need to re-run because C:/git/pgvd/build/Sources/CellResolution/CMakeFiles/generate.stamp is up-to-date.
  CMake does not need to re-run because C:/git/pgvd/build/Sources/Color/CMakeFiles/generate.stamp is up-to-date.
  CMake does not need to re-run because C:/git/pgvd/build/Sources/Dimension/CMakeFiles/generate.stamp is up-to-date.
  CMake does not need to re-run because C:/git/pgvd/build/Sources/Events/CMakeFiles/generate.stamp is up-to-date.
  CMake does not need to re-run because C:/git/pgvd/build/Sources/GLUtilities/CMakeFiles/generate.stamp is up-to-date.
  CMake does not need to re-run because C:/git/pgvd/build/Sources/GlobalData/CMakeFiles/generate.stamp is up-to-date.
  CMake does not need to re-run because C:/git/pgvd/build/Sources/Karras/CMakeFiles/generate.stamp is up-to-date.
  CMake does not need to re-run because C:/git/pgvd/build/Sources/Kernels/CMakeFiles/generate.stamp is up-to-date.
  CMake does not need to re-run because C:/git/pgvd/build/Sources/Line/CMakeFiles/generate.stamp is up-to-date.
  CMake does not need to re-run because C:/git/pgvd/build/Sources/Octree/CMakeFiles/generate.stamp is up-to-date.
  CMake does not need to re-run because C:/git/pgvd/build/Sources/OctreeDefinitions/CMakeFiles/generate.stamp is up-to-date.
  CMake does not need to re-run because C:/git/pgvd/build/Sources/OctreeResolution/CMakeFiles/generate.stamp is up-to-date.
  CMake does not need to re-run because C:/git/pgvd/build/Sources/OpenCL/CMakeFiles/generate.stamp is up-to-date.
  CMake does not need to re-run because C:/git/pgvd/build/Sources/OpenGL/CMakeFiles/generate.stamp is up-to-date.
  CMake does not need to re-run because C:/git/pgvd/build/Sources/Options/CMakeFiles/generate.stamp is up-to-date.
  CMake does not need to re-run because C:/git/pgvd/build/Sources/ParallelAlgorithms/CMakeFiles/generate.stamp is up-to-date.
  CMake does not need to re-run because C:/git/pgvd/build/Sources/Polylines/CMakeFiles/generate.stamp is up-to-date.
  CMake does not need to re-run because C:/git/pgvd/build/Sources/Quantize/CMakeFiles/generate.stamp is up-to-date.
  CMake does not need to re-run because C:/git/pgvd/build/Sources/Shaders/CMakeFiles/generate.stamp is up-to-date.
  CMake does not need to re-run because C:/git/pgvd/build/Sources/Shaders/Programs/CMakeFiles/generate.stamp is up-to-date.
  CMake does not need to re-run because C:/git/pgvd/build/Sources/Timer/CMakeFiles/generate.stamp is up-to-date.
  CMake does not need to re-run because C:/git/pgvd/build/Sources/UNSORTED/CMakeFiles/generate.stamp is up-to-date.
  CMake does not need to re-run because C:/git/pgvd/build/Sources/Vector/CMakeFiles/generate.stamp is up-to-date.
  CMake does not need to re-run because C:/git/pgvd/build/Sources/ZOrder/CMakeFiles/generate.stamp is up-to-date.
